2023-04-02 22:17:46.419881 - Initialized conversion of CBT160
2023-04-02 22:17:47.031736 - Received CBT.V504.FILE160.PDS from FILE160.XMI 
2023-04-02 22:17:47.034499 - Found $$$#DATE.txt (text/plain) in CBT.V504.FILE160.PDS, moved to PDS/$$$#DATE
2023-04-02 22:17:47.035696 - Found $$$DOC.txt (text/plain) in CBT.V504.FILE160.PDS, moved to PDS/$$$DOC
2023-04-02 22:17:47.036758 - Found $$$DOC10.txt (text/plain) in CBT.V504.FILE160.PDS, moved to PDS/$$$DOC10
2023-04-02 22:17:47.038007 - Found #BULLETI.txt (text/plain) in CBT.V504.FILE160.PDS, moved to PDS/#BULLETI
2023-04-02 22:17:47.039073 - Found #DSNC.txt (text/plain) in CBT.V504.FILE160.PDS, moved to PDS/#DSNC
2023-04-02 22:17:47.040173 - Found #DSNCHEC.txt (text/plain) in CBT.V504.FILE160.PDS, moved to PDS/#DSNCHEC
2023-04-02 22:17:47.041147 - Found #FA.txt (text/plain) in CBT.V504.FILE160.PDS, moved to PDS/#FA
2023-04-02 22:17:47.042093 - Found #FREEALL.txt (text/plain) in CBT.V504.FILE160.PDS, moved to PDS/#FREEALL
2023-04-02 22:17:47.043094 - Found #IN.txt (text/plain) in CBT.V504.FILE160.PDS, moved to PDS/#IN
2023-04-02 22:17:47.044086 - Found #INSTREA.txt (text/plain) in CBT.V504.FILE160.PDS, moved to PDS/#INSTREA
2023-04-02 22:17:47.045067 - Found #ISPFPRO.txt (text/plain) in CBT.V504.FILE160.PDS, moved to PDS/#ISPFPRO
2023-04-02 22:17:47.045980 - Found #LCALL.txt (text/plain) in CBT.V504.FILE160.PDS, moved to PDS/#LCALL
2023-04-02 22:17:47.046925 - Found #LIBCALL.txt (text/plain) in CBT.V504.FILE160.PDS, moved to PDS/#LIBCALL
2023-04-02 22:17:47.047973 - Found #NEW.txt (text/plain) in CBT.V504.FILE160.PDS, moved to PDS/#NEW
2023-04-02 22:17:47.048973 - Found #NEWSPAC.txt (text/plain) in CBT.V504.FILE160.PDS, moved to PDS/#NEWSPAC
2023-04-02 22:17:47.049814 - Found #PDF.txt (text/plain) in CBT.V504.FILE160.PDS, moved to PDS/#PDF
2023-04-02 22:17:47.050760 - Found #SAFEC.txt (text/plain) in CBT.V504.FILE160.PDS, moved to PDS/#SAFEC
2023-04-02 22:17:47.051801 - Found #SAFECOP.txt (text/plain) in CBT.V504.FILE160.PDS, moved to PDS/#SAFECOP
2023-04-02 22:17:47.052745 - Found #SYSD.txt (text/plain) in CBT.V504.FILE160.PDS, moved to PDS/#SYSD
2023-04-02 22:17:47.053778 - Found #SYSDSN.txt (text/plain) in CBT.V504.FILE160.PDS, moved to PDS/#SYSDSN
2023-04-02 22:17:47.054751 - Found #XP.txt (text/plain) in CBT.V504.FILE160.PDS, moved to PDS/#XP
2023-04-02 22:17:47.055659 - Found #XPRINT.txt (text/plain) in CBT.V504.FILE160.PDS, moved to PDS/#XPRINT
2023-04-02 22:17:47.056649 - Found @FILE160.txt (text/plain) in CBT.V504.FILE160.PDS, moved to PDS/@FILE160
2023-04-02 22:17:47.057539 - Found BUCPY.txt (text/plain) in CBT.V504.FILE160.PDS, moved to PDS/BUCPY
2023-04-02 22:17:47.058464 - Found BUDOC.txt (text/plain) in CBT.V504.FILE160.PDS, moved to PDS/BUDOC
2023-04-02 22:17:47.059545 - Found BUINPUT.txt (text/plain) in CBT.V504.FILE160.PDS, moved to PDS/BUINPUT
2023-04-02 22:17:47.060597 - Found BUISPTCM.txt (text/plain) in CBT.V504.FILE160.PDS, moved to PDS/BUISPTCM
2023-04-02 22:17:47.061771 - Found BUJCL.txt (text/plain) in CBT.V504.FILE160.PDS, moved to PDS/BUJCL
2023-04-02 22:17:47.062787 - Found BUJEFTE2.txt (text/plain) in CBT.V504.FILE160.PDS, moved to PDS/BUJEFTE2
2023-04-02 22:17:47.063973 - Found BULLETIN.txt (text/plain) in CBT.V504.FILE160.PDS, moved to PDS/BULLETIN
2023-04-02 22:17:47.065017 - Found BULNK.txt (text/plain) in CBT.V504.FILE160.PDS, moved to PDS/BULNK
2023-04-02 22:17:47.065986 - Found BUSTC.txt (text/plain) in CBT.V504.FILE160.PDS, moved to PDS/BUSTC
2023-04-02 22:17:47.066964 - Found BUSTCDTA.txt (text/plain) in CBT.V504.FILE160.PDS, moved to PDS/BUSTCDTA
2023-04-02 22:17:47.067953 - Found DSNCCPY.txt (text/plain) in CBT.V504.FILE160.PDS, moved to PDS/DSNCCPY
2023-04-02 22:17:47.069008 - Found DSNCDOC.txt (text/plain) in CBT.V504.FILE160.PDS, moved to PDS/DSNCDOC
2023-04-02 22:17:47.070035 - Found DSNCHECK.txt (text/plain) in CBT.V504.FILE160.PDS, moved to PDS/DSNCHECK
2023-04-02 22:17:47.071013 - Found DSNCJCL.txt (text/plain) in CBT.V504.FILE160.PDS, moved to PDS/DSNCJCL
2023-04-02 22:17:47.072074 - Found DSNCLNK.txt (text/plain) in CBT.V504.FILE160.PDS, moved to PDS/DSNCLNK
2023-04-02 22:17:47.073378 - Found EQ$R.txt (text/plain) in CBT.V504.FILE160.PDS, moved to PDS/EQ$R
2023-04-02 22:17:47.074713 - Found FACPY.txt (text/plain) in CBT.V504.FILE160.PDS, moved to PDS/FACPY
2023-04-02 22:17:47.076341 - Found FADOC.txt (text/plain) in CBT.V504.FILE160.PDS, moved to PDS/FADOC
2023-04-02 22:17:47.078143 - Found FAJCL.txt (text/plain) in CBT.V504.FILE160.PDS, moved to PDS/FAJCL
2023-04-02 22:17:47.079693 - Found FALNK.txt (text/plain) in CBT.V504.FILE160.PDS, moved to PDS/FALNK
2023-04-02 22:17:47.081651 - Found FREEALL.txt (text/plain) in CBT.V504.FILE160.PDS, moved to PDS/FREEALL
2023-04-02 22:17:47.082907 - Found FREEALL$.jcl (text/plain) in CBT.V504.FILE160.PDS, moved to PDS/FREEALL$
2023-04-02 22:17:47.084136 - Found FREEALL0.txt (text/plain) in CBT.V504.FILE160.PDS, moved to PDS/FREEALL0
2023-04-02 22:17:47.085149 - Found GTEDAALC.txt (text/plain) in CBT.V504.FILE160.PDS, moved to PDS/GTEDAALC
2023-04-02 22:17:47.086364 - Found GTEDADAT.txt (text/plain) in CBT.V504.FILE160.PDS, moved to PDS/GTEDADAT
2023-04-02 22:17:47.087437 - Found GTEDADOC.txt (text/plain) in CBT.V504.FILE160.PDS, moved to PDS/GTEDADOC
2023-04-02 22:17:47.088386 - Found GTEDASET.txt (text/plain) in CBT.V504.FILE160.PDS, moved to PDS/GTEDASET
2023-04-02 22:17:47.089403 - Found INCPY.txt (text/plain) in CBT.V504.FILE160.PDS, moved to PDS/INCPY
2023-04-02 22:17:47.090444 - Found INDOC.txt (text/plain) in CBT.V504.FILE160.PDS, moved to PDS/INDOC
2023-04-02 22:17:47.091876 - Found INJCL.txt (text/plain) in CBT.V504.FILE160.PDS, moved to PDS/INJCL
2023-04-02 22:17:47.092967 - Found INLNK.txt (text/plain) in CBT.V504.FILE160.PDS, moved to PDS/INLNK
2023-04-02 22:17:47.094365 - Found INSTREAM.txt (text/plain) in CBT.V504.FILE160.PDS, moved to PDS/INSTREAM
2023-04-02 22:17:47.095537 - Found ISPFPRIM.txt (text/plain) in CBT.V504.FILE160.PDS, moved to PDS/ISPFPRIM
2023-04-02 22:17:47.096764 - Found LCALLCPY.txt (text/plain) in CBT.V504.FILE160.PDS, moved to PDS/LCALLCPY
2023-04-02 22:17:47.097894 - Found LCALLDOC.txt (text/plain) in CBT.V504.FILE160.PDS, moved to PDS/LCALLDOC
2023-04-02 22:17:47.098910 - Found LCALLJCL.txt (text/plain) in CBT.V504.FILE160.PDS, moved to PDS/LCALLJCL
2023-04-02 22:17:47.100044 - Found LCALLLNK.txt (text/plain) in CBT.V504.FILE160.PDS, moved to PDS/LCALLLNK
2023-04-02 22:17:47.101351 - Found LIBCALL.txt (text/plain) in CBT.V504.FILE160.PDS, moved to PDS/LIBCALL
2023-04-02 22:17:47.102498 - Found LINKBACK.txt (text/plain) in CBT.V504.FILE160.PDS, moved to PDS/LINKBACK
2023-04-02 22:17:47.103557 - Found LINKSAVE.txt (text/plain) in CBT.V504.FILE160.PDS, moved to PDS/LINKSAVE
2023-04-02 22:17:47.104610 - Found NEWCPY.txt (text/plain) in CBT.V504.FILE160.PDS, moved to PDS/NEWCPY
2023-04-02 22:17:47.105606 - Found NEWDOC.txt (text/plain) in CBT.V504.FILE160.PDS, moved to PDS/NEWDOC
2023-04-02 22:17:47.106524 - Found NEWJCL.txt (text/plain) in CBT.V504.FILE160.PDS, moved to PDS/NEWJCL
2023-04-02 22:17:47.107669 - Found NEWLNK.txt (text/plain) in CBT.V504.FILE160.PDS, moved to PDS/NEWLNK
2023-04-02 22:17:47.108800 - Found NEWSPACE.txt (text/plain) in CBT.V504.FILE160.PDS, moved to PDS/NEWSPACE
2023-04-02 22:17:47.109885 - Found PDF.txt (text/plain) in CBT.V504.FILE160.PDS, moved to PDS/PDF
2023-04-02 22:17:47.110855 - Found PDFCPY.txt (text/plain) in CBT.V504.FILE160.PDS, moved to PDS/PDFCPY
2023-04-02 22:17:47.111964 - Found PDFDOC.txt (text/plain) in CBT.V504.FILE160.PDS, moved to PDS/PDFDOC
2023-04-02 22:17:47.113011 - Found PDFJCL.txt (text/plain) in CBT.V504.FILE160.PDS, moved to PDS/PDFJCL
2023-04-02 22:17:47.113912 - Found PDFLNK.txt (text/plain) in CBT.V504.FILE160.PDS, moved to PDS/PDFLNK
2023-04-02 22:17:47.114868 - Found SAFECCPY.txt (text/plain) in CBT.V504.FILE160.PDS, moved to PDS/SAFECCPY
2023-04-02 22:17:47.116041 - Found SAFECDOC.txt (text/plain) in CBT.V504.FILE160.PDS, moved to PDS/SAFECDOC
2023-04-02 22:17:47.117064 - Found SAFECJCL.txt (text/plain) in CBT.V504.FILE160.PDS, moved to PDS/SAFECJCL
2023-04-02 22:17:47.118162 - Found SAFECLNK.txt (text/plain) in CBT.V504.FILE160.PDS, moved to PDS/SAFECLNK
2023-04-02 22:17:47.119352 - Found SAFECOPY.txt (text/plain) in CBT.V504.FILE160.PDS, moved to PDS/SAFECOPY
2023-04-02 22:17:47.120559 - Found SYSDCPY.txt (text/plain) in CBT.V504.FILE160.PDS, moved to PDS/SYSDCPY
2023-04-02 22:17:47.121647 - Found SYSDDOC.txt (text/plain) in CBT.V504.FILE160.PDS, moved to PDS/SYSDDOC
2023-04-02 22:17:47.122814 - Found SYSDJCL.txt (text/plain) in CBT.V504.FILE160.PDS, moved to PDS/SYSDJCL
2023-04-02 22:17:47.123860 - Found SYSDLNK.txt (text/plain) in CBT.V504.FILE160.PDS, moved to PDS/SYSDLNK
2023-04-02 22:17:47.125143 - Found SYSDSN.txt (text/plain) in CBT.V504.FILE160.PDS, moved to PDS/SYSDSN
2023-04-02 22:17:47.126323 - Found XPCPY.txt (text/plain) in CBT.V504.FILE160.PDS, moved to PDS/XPCPY
2023-04-02 22:17:47.127632 - Found XPDOC.txt (text/plain) in CBT.V504.FILE160.PDS, moved to PDS/XPDOC
2023-04-02 22:17:47.128774 - Found XPJCL.jcl (text/plain) in CBT.V504.FILE160.PDS, moved to PDS/XPJCL
2023-04-02 22:17:47.129743 - Found XPLNK.txt (text/plain) in CBT.V504.FILE160.PDS, moved to PDS/XPLNK
2023-04-02 22:17:47.130935 - Found XPRINT.txt (text/plain) in CBT.V504.FILE160.PDS, moved to PDS/XPRINT
